<?xml version="1.0" encoding="UTF-8"?>
<testsuite name="com.example.project.TestFibonacci" tests="5" skipped="0" failures="0" errors="0" timestamp="2025-01-08T04:10:54" hostname="codespaces-fd313a" time="0.13">
  <properties/>
  <testcase name="testGetIndexOf()" classname="com.example.project.TestFibonacci" time="0.054"/>
  <testcase name="testGetSequence()" classname="com.example.project.TestFibonacci" time="0.01"/>
  <testcase name="testExtendBy()" classname="com.example.project.TestFibonacci" time="0.005"/>
  <testcase name="testFibonacciString()" classname="com.example.project.TestFibonacci" time="0.04"/>
  <testcase name="testConstructor()" classname="com.example.project.TestFibonacci" time="0.002"/>
  <system-out><![CDATA[]]></system-out>
  <system-err><![CDATA[]]></system-err>
</testsuite>
